  Moc'ing src\CalibrationDialog.h...
  Der Befehl ""F:\RemoteEye\dependencies\qt\5.9.2\msvc2017_64\bin\moc.exe"" ist entweder falsch geschrieben oder
  konnte nicht gefunden werden.
  Moc'ing src\GoalkeeperAnalysis.h...
  Der Befehl ""F:\RemoteEye\dependencies\qt\5.9.2\msvc2017_64\bin\moc.exe"" ist entweder falsch geschrieben oder
  konnte nicht gefunden werden.
  Moc'ing src\InputFeaturesDisplay.h...
  Der Befehl ""F:\RemoteEye\dependencies\qt\5.9.2\msvc2017_64\bin\moc.exe"" ist entweder falsch geschrieben oder
  konnte nicht gefunden werden.
  Moc'ing src\LiveGazeDisplay.h...
  Der Befehl ""F:\RemoteEye\dependencies\qt\5.9.2\msvc2017_64\bin\moc.exe"" ist entweder falsch geschrieben oder
  konnte nicht gefunden werden.
  Rcc'ing GoalkeeperAnalysis.qrc...
  Der Befehl ""F:\RemoteEye\dependencies\qt\5.9.2\msvc2017_64\bin\rcc.exe"" ist entweder falsch geschrieben oder
  konnte nicht gefunden werden.
  Uic'ing src\CalibrationDialog.ui...
  Der Befehl ""F:\RemoteEye\dependencies\qt\5.9.2\msvc2017_64\bin\uic.exe"" ist entweder falsch geschrieben oder
  konnte nicht gefunden werden.
  Uic'ing src\GoalkeeperAnalysis.ui...
  Der Befehl ""F:\RemoteEye\dependencies\qt\5.9.2\msvc2017_64\bin\uic.exe"" ist entweder falsch geschrieben oder
  konnte nicht gefunden werden.
C:\Program Files (x86)\Microsoft Visual Studio\2017\Community\Common7\IDE\VC\VCTargets\Microsoft.CppCommon.targets(209,5): error MSB6006: "cmd.exe" wurde mit dem Code 9009 beendet.
